2025-04-01 18:50:54,119 - app - INFO - Loading World Cup data...
2025-04-01 18:50:54,494 - app - INFO - Successfully loaded data. Finals shape: (22, 9), Nations shape: (13, 7)
2025-04-01 18:50:54,495 - app - INFO - Starting the Dash application...
2025-04-01 18:50:54,496 - dash.dash - INFO - Dash is running on http://127.0.0.1:8050/

2025-04-01 18:50:54,991 - app - INFO - Loading World Cup data...
2025-04-01 18:50:55,329 - app - INFO - Successfully loaded data. Finals shape: (22, 9), Nations shape: (13, 7)
2025-04-01 18:50:55,330 - app - INFO - Starting the Dash application...
2025-04-01 18:55:46,087 - app - INFO - Loading World Cup data...
2025-04-01 18:55:46,481 - app - INFO - Successfully loaded data. Finals shape: (22, 9), Nations shape: (13, 7)
2025-04-01 18:55:46,483 - app - INFO - Starting the Dash application...
2025-04-01 18:55:46,484 - dash.dash - INFO - Dash is running on http://127.0.0.1:8050/

2025-04-01 18:55:47,022 - app - INFO - Loading World Cup data...
2025-04-01 18:55:47,363 - app - INFO - Successfully loaded data. Finals shape: (22, 9), Nations shape: (13, 7)
2025-04-01 18:55:47,364 - app - INFO - Starting the Dash application...
2025-04-01 18:56:01,814 - app - INFO - Updating map with country: None, year: None
2025-04-01 18:56:02,691 - app - INFO - Map updated successfully
2025-04-01 18:56:46,579 - app - INFO - Updating map with country: Italy, year: None
2025-04-01 18:56:46,693 - app - INFO - Map updated successfully
2025-04-01 18:56:48,715 - app - INFO - Updating map with country: Italy, year: 1938
2025-04-01 18:56:48,718 - app - ERROR - Error updating map: 'Winner'
2025-04-01 18:56:52,527 - app - INFO - Updating map with country: Italy, year: 1954
2025-04-01 18:56:52,532 - app - ERROR - Error updating map: 'Winner'
2025-04-01 18:57:01,234 - app - INFO - Updating map with country: France, year: 1954
2025-04-01 18:57:01,249 - app - ERROR - Error updating map: 'Winner'
2025-04-01 18:57:07,717 - app - INFO - Updating map with country: France, year: None
2025-04-01 18:57:07,780 - app - INFO - Map updated successfully
2025-04-01 18:57:11,074 - app - INFO - Updating map with country: France, year: 2022
2025-04-01 18:57:11,079 - app - ERROR - Error updating map: 'Winner'
2025-04-01 18:57:53,719 - app - INFO - Updating map with country: None, year: 2022
2025-04-01 18:57:53,735 - app - ERROR - Error updating map: 'Winner'
2025-04-01 18:57:54,604 - app - INFO - Updating map with country: None, year: None
2025-04-01 18:57:54,630 - app - INFO - Map updated successfully
2025-04-01 18:59:06,166 - app - INFO - Loading World Cup data...
2025-04-01 18:59:06,558 - app - INFO - Successfully loaded data. Finals shape: (22, 9), Nations shape: (13, 7)
2025-04-01 18:59:06,559 - app - INFO - Starting the Dash application...
2025-04-01 18:59:07,690 - app - INFO - Updating map with country: None, year: None
2025-04-01 18:59:08,214 - app - INFO - Map updated successfully
2025-04-01 19:00:27,699 - app - INFO - Loading World Cup data...
2025-04-01 19:00:28,052 - app - INFO - Successfully loaded data. Finals shape: (22, 9), Nations shape: (13, 7)
2025-04-01 19:00:28,054 - app - INFO - Starting the Dash application...
2025-04-01 19:00:28,470 - app - INFO - Updating map with country: None, year: None
2025-04-01 19:00:28,851 - app - INFO - Map updated successfully
2025-04-01 19:01:53,488 - app - INFO - Loading World Cup data...
2025-04-01 19:01:53,949 - app - INFO - Successfully loaded data. Finals shape: (22, 9), Nations shape: (13, 7)
2025-04-01 19:01:53,950 - app - INFO - Starting the Dash application...
2025-04-01 19:01:54,266 - app - INFO - Updating map with country: None, year: None
2025-04-01 19:01:54,720 - app - INFO - Map updated successfully
2025-04-01 19:02:15,363 - app - INFO - Loading World Cup data...
2025-04-01 19:02:15,788 - app - INFO - Successfully loaded data. Finals shape: (22, 9), Nations shape: (13, 7)
2025-04-01 19:02:15,791 - app - INFO - Starting the Dash application...
2025-04-01 19:02:16,368 - app - INFO - Updating map with country: None, year: None
2025-04-01 19:02:16,639 - app - INFO - Map updated successfully
2025-04-01 19:02:53,777 - app - INFO - Loading World Cup data...
2025-04-01 19:02:54,099 - app - INFO - Successfully loaded data. Finals shape: (22, 9), Nations shape: (13, 7)
2025-04-01 19:02:54,101 - app - INFO - Starting the Dash application...
2025-04-01 19:02:55,557 - app - INFO - Updating map with country: None, year: None
2025-04-01 19:02:56,132 - app - INFO - Map updated successfully
2025-04-01 19:07:26,432 - app - INFO - Loading World Cup data...
2025-04-01 19:07:26,907 - app - INFO - Successfully loaded data. Finals shape: (22, 9), Nations shape: (13, 7)
2025-04-01 19:07:26,908 - app - INFO - Starting the Dash application...
2025-04-01 19:07:27,113 - app - INFO - Updating map with country: None, year: None
2025-04-01 19:07:27,563 - app - INFO - Map updated successfully
2025-04-01 19:07:54,117 - app - INFO - Loading World Cup data...
2025-04-01 19:07:54,459 - app - INFO - Successfully loaded data. Finals shape: (22, 9), Nations shape: (13, 7)
2025-04-01 19:07:54,460 - app - INFO - Starting the Dash application...
2025-04-01 19:07:55,356 - app - INFO - Updating map with country: None, year: None
2025-04-01 19:07:55,668 - app - INFO - Map updated successfully
2025-04-01 19:08:11,491 - app - INFO - Loading World Cup data...
2025-04-01 19:08:11,811 - app - INFO - Successfully loaded data. Finals shape: (22, 9), Nations shape: (13, 7)
2025-04-01 19:08:11,812 - app - INFO - Starting the Dash application...
2025-04-01 19:08:11,951 - app - INFO - Updating map with country: None, year: None
2025-04-01 19:08:12,307 - app - INFO - Map updated successfully
2025-04-01 19:08:20,184 - app - INFO - Loading World Cup data...
2025-04-01 19:08:20,517 - app - INFO - Successfully loaded data. Finals shape: (22, 9), Nations shape: (13, 7)
2025-04-01 19:08:20,518 - app - INFO - Starting the Dash application...
2025-04-01 19:08:22,372 - app - INFO - Updating map with country: None, year: None
2025-04-01 19:08:22,677 - app - INFO - Map updated successfully
2025-04-01 19:10:05,732 - app - INFO - Loading World Cup data...
2025-04-01 19:10:06,111 - app - INFO - Successfully loaded data. Finals shape: (22, 9), Nations shape: (13, 7)
2025-04-01 19:10:06,113 - app - INFO - Starting the Dash application...
2025-04-01 19:10:08,760 - app - INFO - Loading World Cup data...
2025-04-01 19:10:09,085 - app - INFO - Successfully loaded data. Finals shape: (22, 9), Nations shape: (13, 7)
2025-04-01 19:10:09,086 - app - INFO - Starting the Dash application...
2025-04-01 19:10:09,253 - app - INFO - Updating map with country: None, year: None
2025-04-01 19:10:10,075 - app - INFO - Map updated successfully
2025-04-01 19:10:10,307 - app - INFO - Updating map with country: None, year: None
2025-04-01 19:10:10,344 - app - INFO - Map updated successfully
2025-04-01 19:10:13,656 - app - INFO - Loading World Cup data...
2025-04-01 19:10:14,080 - app - INFO - Successfully loaded data. Finals shape: (22, 9), Nations shape: (13, 7)
2025-04-01 19:10:14,081 - app - INFO - Starting the Dash application...
2025-04-01 19:10:14,395 - app - INFO - Updating map with country: None, year: None
2025-04-01 19:10:14,939 - app - INFO - Map updated successfully
2025-04-01 19:10:19,340 - app - INFO - Loading World Cup data...
2025-04-01 19:10:19,679 - app - INFO - Successfully loaded data. Finals shape: (22, 9), Nations shape: (13, 7)
2025-04-01 19:10:19,680 - app - INFO - Starting the Dash application...
2025-04-01 19:10:19,826 - app - INFO - Updating map with country: None, year: None
2025-04-01 19:10:20,130 - app - INFO - Map updated successfully
2025-04-01 19:10:26,075 - app - INFO - Loading World Cup data...
2025-04-01 19:10:26,414 - app - INFO - Successfully loaded data. Finals shape: (22, 9), Nations shape: (13, 7)
2025-04-01 19:10:26,415 - app - INFO - Starting the Dash application...
2025-04-01 19:10:26,605 - app - INFO - Updating map with country: None, year: None
2025-04-01 19:10:26,992 - app - INFO - Map updated successfully
2025-04-01 19:10:28,322 - app - INFO - Loading World Cup data...
2025-04-01 19:10:28,647 - app - INFO - Successfully loaded data. Finals shape: (22, 9), Nations shape: (13, 7)
2025-04-01 19:10:28,648 - app - INFO - Starting the Dash application...
2025-04-01 19:10:28,792 - app - INFO - Updating map with country: None, year: None
2025-04-01 19:10:28,974 - app - INFO - Map updated successfully
2025-04-01 19:10:37,072 - app - INFO - Loading World Cup data...
2025-04-01 19:10:37,072 - app - ERROR - Error loading data: name 'get_world_cup_data' is not defined
2025-04-01 19:11:27,422 - app - INFO - Loading World Cup data...
2025-04-01 19:11:27,794 - app - INFO - Successfully loaded data. Finals shape: (22, 9), Nations shape: (13, 7)
2025-04-01 19:11:27,796 - app - INFO - Starting the Dash application...
2025-04-01 19:11:27,796 - dash.dash - INFO - Dash is running on http://127.0.0.1:8050/

2025-04-01 19:11:28,296 - app - INFO - Loading World Cup data...
2025-04-01 19:11:28,607 - app - INFO - Successfully loaded data. Finals shape: (22, 9), Nations shape: (13, 7)
2025-04-01 19:11:28,609 - app - INFO - Starting the Dash application...
2025-04-01 19:11:28,911 - app - INFO - Updating map with country: None, year: None
2025-04-01 19:11:29,531 - app - INFO - Map updated successfully
2025-04-01 19:11:41,532 - app - INFO - Loading World Cup data...
2025-04-01 19:11:41,915 - app - INFO - Successfully loaded data. Finals shape: (22, 9), Nations shape: (13, 7)
2025-04-01 19:11:41,919 - app - INFO - Starting the Dash application...
2025-04-01 19:11:42,069 - app - INFO - Updating map with country: None, year: None
2025-04-01 19:11:42,343 - app - INFO - Map updated successfully
2025-04-01 19:12:05,699 - app - INFO - Updating map with country: Germany, year: None
2025-04-01 19:12:05,791 - app - INFO - Map updated successfully
2025-04-01 19:12:06,898 - app - INFO - Updating map with country: Germany, year: 1938
2025-04-01 19:12:06,935 - app - INFO - Map updated successfully
2025-04-01 19:12:29,274 - app - INFO - Loading World Cup data...
2025-04-01 19:12:29,611 - app - INFO - Successfully loaded data. Finals shape: (22, 9), Nations shape: (13, 7)
2025-04-01 19:12:29,612 - app - INFO - Starting the Dash application...
2025-04-01 19:12:31,416 - app - INFO - Updating map with country: None, year: None
2025-04-01 19:12:31,849 - app - INFO - Map updated successfully
2025-04-01 19:12:32,760 - app - INFO - Loading World Cup data...
2025-04-01 19:12:33,070 - app - INFO - Successfully loaded data. Finals shape: (22, 9), Nations shape: (13, 7)
2025-04-01 19:12:33,071 - app - INFO - Starting the Dash application...
2025-04-01 19:12:34,350 - app - INFO - Updating map with country: None, year: None
2025-04-01 19:12:34,619 - app - INFO - Map updated successfully
2025-04-01 19:12:35,876 - app - INFO - Loading World Cup data...
2025-04-01 19:12:36,178 - app - INFO - Successfully loaded data. Finals shape: (22, 9), Nations shape: (13, 7)
2025-04-01 19:12:36,179 - app - INFO - Starting the Dash application...
2025-04-01 19:12:37,347 - app - INFO - Updating map with country: None, year: None
2025-04-01 19:12:37,521 - app - INFO - Map updated successfully
2025-04-01 19:12:40,142 - app - INFO - Loading World Cup data...
2025-04-01 19:12:40,468 - app - INFO - Successfully loaded data. Finals shape: (22, 9), Nations shape: (13, 7)
2025-04-01 19:12:40,469 - app - INFO - Starting the Dash application...
2025-04-01 19:12:40,607 - app - INFO - Updating map with country: None, year: None
2025-04-01 19:12:40,781 - app - INFO - Map updated successfully
2025-04-01 19:12:43,350 - app - INFO - Loading World Cup data...
2025-04-01 19:12:43,658 - app - INFO - Successfully loaded data. Finals shape: (22, 9), Nations shape: (13, 7)
2025-04-01 19:12:43,660 - app - INFO - Starting the Dash application...
2025-04-01 19:12:43,795 - app - INFO - Updating map with country: None, year: None
2025-04-01 19:12:44,187 - app - INFO - Map updated successfully
2025-04-01 19:12:45,489 - app - INFO - Loading World Cup data...
2025-04-01 19:12:45,816 - app - INFO - Successfully loaded data. Finals shape: (22, 9), Nations shape: (13, 7)
2025-04-01 19:12:45,817 - app - INFO - Starting the Dash application...
2025-04-01 19:12:46,360 - app - INFO - Updating map with country: None, year: None
2025-04-01 19:12:46,536 - app - INFO - Map updated successfully
2025-04-01 19:12:47,598 - app - INFO - Loading World Cup data...
2025-04-01 19:12:47,958 - app - INFO - Successfully loaded data. Finals shape: (22, 9), Nations shape: (13, 7)
2025-04-01 19:12:47,959 - app - INFO - Starting the Dash application...
2025-04-01 19:12:49,370 - app - INFO - Updating map with country: None, year: None
2025-04-01 19:12:49,573 - app - INFO - Map updated successfully
2025-04-01 19:12:50,801 - app - INFO - Loading World Cup data...
2025-04-01 19:12:51,128 - app - INFO - Successfully loaded data. Finals shape: (22, 9), Nations shape: (13, 7)
2025-04-01 19:12:51,129 - app - INFO - Starting the Dash application...
2025-04-01 19:12:52,338 - app - INFO - Updating map with country: None, year: None
2025-04-01 19:12:52,499 - app - INFO - Map updated successfully
2025-04-01 19:12:54,966 - app - INFO - Loading World Cup data...
2025-04-01 19:12:55,276 - app - INFO - Successfully loaded data. Finals shape: (22, 9), Nations shape: (13, 7)
2025-04-01 19:12:55,277 - app - INFO - Starting the Dash application...
2025-04-01 19:12:55,426 - app - INFO - Updating map with country: None, year: None
2025-04-01 19:12:55,587 - app - INFO - Map updated successfully
2025-04-01 19:12:57,078 - app - INFO - Loading World Cup data...
2025-04-01 19:12:57,385 - app - INFO - Successfully loaded data. Finals shape: (22, 9), Nations shape: (13, 7)
2025-04-01 19:12:57,386 - app - INFO - Starting the Dash application...
2025-04-01 19:12:58,352 - app - INFO - Updating map with country: None, year: None
2025-04-01 19:12:58,546 - app - INFO - Map updated successfully
2025-04-01 19:13:00,216 - app - INFO - Loading World Cup data...
2025-04-01 19:13:00,650 - app - INFO - Successfully loaded data. Finals shape: (22, 9), Nations shape: (13, 7)
2025-04-01 19:13:00,655 - app - INFO - Starting the Dash application...
2025-04-01 19:13:01,416 - app - INFO - Updating map with country: None, year: None
2025-04-01 19:13:01,659 - app - INFO - Map updated successfully
2025-04-01 19:13:02,774 - app - INFO - Loading World Cup data...
2025-04-01 19:13:03,072 - app - INFO - Successfully loaded data. Finals shape: (22, 9), Nations shape: (13, 7)
2025-04-01 19:13:03,073 - app - INFO - Starting the Dash application...
2025-04-01 19:13:04,842 - app - INFO - Loading World Cup data...
2025-04-01 19:13:05,167 - app - INFO - Successfully loaded data. Finals shape: (22, 9), Nations shape: (13, 7)
2025-04-01 19:13:05,168 - app - INFO - Starting the Dash application...
2025-04-01 19:13:05,329 - app - INFO - Updating map with country: None, year: None
2025-04-01 19:13:05,533 - app - INFO - Map updated successfully
2025-04-01 19:13:06,957 - app - INFO - Loading World Cup data...
2025-04-01 19:13:07,281 - app - INFO - Successfully loaded data. Finals shape: (22, 9), Nations shape: (13, 7)
2025-04-01 19:13:07,283 - app - INFO - Starting the Dash application...
2025-04-01 19:13:07,431 - app - INFO - Updating map with country: None, year: None
2025-04-01 19:13:07,586 - app - INFO - Map updated successfully
2025-04-01 19:13:10,146 - app - INFO - Loading World Cup data...
2025-04-01 19:13:10,448 - app - INFO - Successfully loaded data. Finals shape: (22, 9), Nations shape: (13, 7)
2025-04-01 19:13:10,449 - app - INFO - Starting the Dash application...
2025-04-01 19:13:10,589 - app - INFO - Updating map with country: None, year: None
2025-04-01 19:13:11,069 - app - INFO - Map updated successfully
2025-04-01 19:13:13,265 - app - INFO - Loading World Cup data...
2025-04-01 19:13:13,579 - app - INFO - Successfully loaded data. Finals shape: (22, 9), Nations shape: (13, 7)
2025-04-01 19:13:13,580 - app - INFO - Starting the Dash application...
2025-04-01 19:13:13,696 - app - INFO - Updating map with country: None, year: None
2025-04-01 19:13:13,826 - app - INFO - Map updated successfully
2025-04-01 19:13:19,503 - app - INFO - Loading World Cup data...
2025-04-01 19:13:19,787 - app - INFO - Successfully loaded data. Finals shape: (22, 9), Nations shape: (13, 7)
2025-04-01 19:13:19,789 - app - INFO - Starting the Dash application...
2025-04-01 19:13:19,928 - app - INFO - Updating map with country: None, year: None
2025-04-01 19:13:20,085 - app - INFO - Map updated successfully
2025-04-01 19:13:21,598 - app - INFO - Loading World Cup data...
2025-04-01 19:13:21,896 - app - INFO - Successfully loaded data. Finals shape: (22, 9), Nations shape: (13, 7)
2025-04-01 19:13:21,897 - app - INFO - Starting the Dash application...
2025-04-01 19:13:22,346 - app - INFO - Updating map with country: None, year: None
2025-04-01 19:13:22,550 - app - INFO - Map updated successfully
2025-04-01 19:13:23,719 - app - INFO - Loading World Cup data...
2025-04-01 19:13:24,062 - app - INFO - Successfully loaded data. Finals shape: (22, 9), Nations shape: (13, 7)
2025-04-01 19:13:24,063 - app - INFO - Starting the Dash application...
2025-04-01 19:13:25,760 - app - INFO - Loading World Cup data...
2025-04-01 19:13:26,047 - app - INFO - Successfully loaded data. Finals shape: (22, 9), Nations shape: (13, 7)
2025-04-01 19:13:26,048 - app - INFO - Starting the Dash application...
2025-04-01 19:13:26,184 - app - INFO - Updating map with country: None, year: None
2025-04-01 19:13:26,368 - app - INFO - Map updated successfully
2025-04-01 19:13:28,845 - app - INFO - Loading World Cup data...
2025-04-01 19:13:29,151 - app - INFO - Successfully loaded data. Finals shape: (22, 9), Nations shape: (13, 7)
2025-04-01 19:13:29,153 - app - INFO - Starting the Dash application...
2025-04-01 19:13:29,280 - app - INFO - Updating map with country: None, year: None
2025-04-01 19:13:29,542 - app - INFO - Map updated successfully
2025-04-01 19:13:31,125 - app - INFO - Loading World Cup data...
2025-04-01 19:13:31,458 - app - INFO - Successfully loaded data. Finals shape: (22, 9), Nations shape: (13, 7)
2025-04-01 19:13:31,459 - app - INFO - Starting the Dash application...
2025-04-01 19:13:31,591 - app - INFO - Updating map with country: None, year: None
2025-04-01 19:13:31,771 - app - INFO - Map updated successfully
2025-04-01 19:13:34,409 - app - INFO - Loading World Cup data...
2025-04-01 19:13:34,716 - app - INFO - Successfully loaded data. Finals shape: (22, 9), Nations shape: (13, 7)
2025-04-01 19:13:34,717 - app - INFO - Starting the Dash application...
2025-04-01 19:13:34,868 - app - INFO - Updating map with country: None, year: None
2025-04-01 19:13:35,087 - app - INFO - Map updated successfully
2025-04-01 19:13:43,608 - app - INFO - Updating map with country: None, year: None
2025-04-01 19:13:43,852 - app - INFO - Map updated successfully
2025-04-01 19:19:30,003 - app - INFO - Loading World Cup data...
2025-04-01 19:19:30,427 - app - INFO - Successfully loaded data. Finals shape: (22, 9), Nations shape: (13, 7)
2025-04-01 19:19:30,429 - app - INFO - Starting the Dash application...
2025-04-01 19:19:30,430 - dash.dash - INFO - Dash is running on http://0.0.0.0:8050/

2025-04-01 19:19:30,451 - werkzeug - INFO - [31m[1mWARNING: This is a development server. Do not use it in a production deployment. Use a production WSGI server instead.[0m
 * Running on all addresses (0.0.0.0)
 * Running on http://127.0.0.1:8050
 * Running on http://10.0.0.7:8050
2025-04-01 19:19:30,451 - werkzeug - INFO - [33mPress CTRL+C to quit[0m
2025-04-01 19:19:34,385 - werkzeug - INFO - 127.0.0.1 - - [01/Apr/2025 19:19:34] "GET /_reload-hash HTTP/1.1" 200 -
2025-04-01 19:19:34,597 - werkzeug - INFO - 127.0.0.1 - - [01/Apr/2025 19:19:34] "GET /_dash-dependencies HTTP/1.1" 200 -
2025-04-01 19:19:34,605 - werkzeug - INFO - 127.0.0.1 - - [01/Apr/2025 19:19:34] "GET /_dash-layout HTTP/1.1" 200 -
2025-04-01 19:19:34,727 - app - INFO - Updating map with country: None, year: None
2025-04-01 19:19:34,729 - werkzeug - INFO - 127.0.0.1 - - [01/Apr/2025 19:19:34] "POST /_dash-update-component HTTP/1.1" 200 -
2025-04-01 19:19:34,741 - werkzeug - INFO - 127.0.0.1 - - [01/Apr/2025 19:19:34] "POST /_dash-update-component HTTP/1.1" 200 -
2025-04-01 19:19:35,182 - app - INFO - Map updated successfully
2025-04-01 19:19:35,182 - werkzeug - INFO - 127.0.0.1 - - [01/Apr/2025 19:19:35] "POST /_dash-update-component HTTP/1.1" 200 -
2025-04-01 19:19:35,248 - werkzeug - INFO - 127.0.0.1 - - [01/Apr/2025 19:19:35] "GET /_reload-hash HTTP/1.1" 200 -
2025-04-01 19:19:37,941 - werkzeug - INFO - 127.0.0.1 - - [01/Apr/2025 19:19:37] "GET / HTTP/1.1" 200 -
2025-04-01 19:19:38,075 - werkzeug - INFO - 127.0.0.1 - - [01/Apr/2025 19:19:38] "GET /_reload-hash HTTP/1.1" 200 -
2025-04-01 19:19:38,611 - werkzeug - INFO - 127.0.0.1 - - [01/Apr/2025 19:19:38] "GET /_dash-component-suites/dash/deps/prop-types@15.v2_14_2m1743542631.8.1.min.js HTTP/1.1" 200 -
2025-04-01 19:19:38,612 - werkzeug - INFO - 127.0.0.1 - - [01/Apr/2025 19:19:38] "GET /_dash-component-suites/dash/deps/react@16.v2_14_2m1743542631.14.0.min.js HTTP/1.1" 200 -
2025-04-01 19:19:38,613 - werkzeug - INFO - 127.0.0.1 - - [01/Apr/2025 19:19:38] "GET /_dash-component-suites/dash/deps/react-dom@16.v2_14_2m1743542631.14.0.min.js HTTP/1.1" 200 -
2025-04-01 19:19:38,614 - werkzeug - INFO - 127.0.0.1 - - [01/Apr/2025 19:19:38] "GET /_dash-component-suites/dash/dash-renderer/build/dash_renderer.v2_14_2m1743542631.min.js HTTP/1.1" 200 -
2025-04-01 19:19:39,120 - werkzeug - INFO - 127.0.0.1 - - [01/Apr/2025 19:19:39] "GET /_dash-layout HTTP/1.1" 200 -
2025-04-01 19:19:39,154 - werkzeug - INFO - 127.0.0.1 - - [01/Apr/2025 19:19:39] "GET /_dash-dependencies HTTP/1.1" 200 -
2025-04-01 19:19:39,157 - werkzeug - INFO - 127.0.0.1 - - [01/Apr/2025 19:19:39] "GET /_favicon.ico?v=2.14.2 HTTP/1.1" 200 -
2025-04-01 19:19:39,468 - app - INFO - Updating map with country: None, year: None
2025-04-01 19:19:39,501 - werkzeug - INFO - 127.0.0.1 - - [01/Apr/2025 19:19:39] "POST /_dash-update-component HTTP/1.1" 200 -
2025-04-01 19:19:39,531 - werkzeug - INFO - 127.0.0.1 - - [01/Apr/2025 19:19:39] "POST /_dash-update-component HTTP/1.1" 200 -
2025-04-01 19:19:39,616 - werkzeug - INFO - 127.0.0.1 - - [01/Apr/2025 19:19:39] "[36mGET /_dash-component-suites/dash/dcc/async-dropdown.js HTTP/1.1[0m" 304 -
2025-04-01 19:19:39,617 - werkzeug - INFO - 127.0.0.1 - - [01/Apr/2025 19:19:39] "[36mGET /_dash-component-suites/dash/dcc/async-graph.js HTTP/1.1[0m" 304 -
2025-04-01 19:19:39,621 - app - INFO - Map updated successfully
2025-04-01 19:19:39,624 - werkzeug - INFO - 127.0.0.1 - - [01/Apr/2025 19:19:39] "POST /_dash-update-component HTTP/1.1" 200 -
2025-04-01 19:19:39,655 - werkzeug - INFO - 127.0.0.1 - - [01/Apr/2025 19:19:39] "[36mGET /_dash-component-suites/plotly/package_data/plotly.min.js HTTP/1.1[0m" 304 -
2025-04-01 19:19:50,530 - app - INFO - Updating map with country: Germany, year: None
2025-04-01 19:19:50,537 - werkzeug - INFO - 127.0.0.1 - - [01/Apr/2025 19:19:50] "POST /_dash-update-component HTTP/1.1" 200 -
2025-04-01 19:19:50,543 - werkzeug - INFO - 127.0.0.1 - - [01/Apr/2025 19:19:50] "POST /_dash-update-component HTTP/1.1" 200 -
2025-04-01 19:19:50,607 - app - INFO - Map updated successfully
2025-04-01 19:19:50,607 - werkzeug - INFO - 127.0.0.1 - - [01/Apr/2025 19:19:50] "POST /_dash-update-component HTTP/1.1" 200 -
2025-04-01 19:19:51,453 - app - INFO - Updating map with country: Germany, year: 1938
2025-04-01 19:19:51,456 - werkzeug - INFO - 127.0.0.1 - - [01/Apr/2025 19:19:51] "POST /_dash-update-component HTTP/1.1" 200 -
2025-04-01 19:19:51,487 - app - INFO - Map updated successfully
2025-04-01 19:19:51,487 - werkzeug - INFO - 127.0.0.1 - - [01/Apr/2025 19:19:51] "POST /_dash-update-component HTTP/1.1" 200 -
2025-04-01 19:20:34,260 - werkzeug - INFO - 127.0.0.1 - - [01/Apr/2025 19:20:34] "GET /_reload-hash HTTP/1.1" 200 -
2025-04-01 19:21:34,398 - werkzeug - INFO - 127.0.0.1 - - [01/Apr/2025 19:21:34] "GET /_reload-hash HTTP/1.1" 200 -
2025-04-01 19:22:34,108 - werkzeug - INFO - 127.0.0.1 - - [01/Apr/2025 19:22:34] "GET /_reload-hash HTTP/1.1" 200 -
2025-04-01 19:23:34,209 - werkzeug - INFO - 127.0.0.1 - - [01/Apr/2025 19:23:34] "GET /_reload-hash HTTP/1.1" 200 -
2025-04-01 19:24:37,373 - app - INFO - Loading World Cup data...
2025-04-01 19:24:37,853 - app - INFO - Successfully loaded data. Finals shape: (22, 9), Nations shape: (13, 7)
2025-04-01 19:24:37,855 - app - INFO - Starting the Dash application...
2025-04-01 19:24:37,855 - dash.dash - INFO - Dash is running on http://0.0.0.0:8050/

2025-04-01 19:24:37,891 - werkzeug - INFO - [31m[1mWARNING: This is a development server. Do not use it in a production deployment. Use a production WSGI server instead.[0m
 * Running on all addresses (0.0.0.0)
 * Running on http://127.0.0.1:8050
 * Running on http://10.0.0.7:8050
2025-04-01 19:24:37,891 - werkzeug - INFO - [33mPress CTRL+C to quit[0m
2025-04-01 19:30:04,019 - app - INFO - Loading World Cup data...
2025-04-01 19:30:04,368 - app - ERROR - Error loading data: Cannot save file into a non-existent directory: 'data'
2025-04-01 19:31:00,162 - app - INFO - Loading World Cup data...
2025-04-01 19:31:00,704 - app - INFO - Successfully loaded data. Finals shape: (22, 9), Nations shape: (13, 7)
2025-04-01 19:31:00,707 - app - INFO - Starting the Dash application...
2025-04-01 19:31:00,708 - dash.dash - INFO - Dash is running on http://0.0.0.0:8050/

2025-04-01 19:31:00,780 - werkzeug - INFO - [31m[1mWARNING: This is a development server. Do not use it in a production deployment. Use a production WSGI server instead.[0m
 * Running on all addresses (0.0.0.0)
 * Running on http://127.0.0.1:8050
 * Running on http://10.0.0.7:8050
2025-04-01 19:31:00,780 - werkzeug - INFO - [33mPress CTRL+C to quit[0m
