2025-04-01 18:51:03,083 - INFO - Loaded Wikipedia page
2025-04-01 18:51:03,084 - INFO - Found 'FIFA World Cup finals' table
2025-04-01 18:51:03,086 - INFO - Cleaned Finals table
2025-04-01 18:51:03,086 - INFO - Found 'Results by nation' table
2025-04-01 18:51:03,087 - INFO - Cleaned Results by Nation table
2025-04-01 18:51:03,087 - INFO - Fixed country name issues for ISO Alpha-3 codes
2025-04-01 18:51:03,089 - INFO - Added ISO codes
2025-04-01 18:51:03,090 - INFO - Filled NaNs for countries with no wins or runner-ups
2025-04-01 18:51:03,090 - INFO - Cleaning YearsWon and YearsRunnerUp columns...
2025-04-01 18:51:03,090 - INFO - Normalizing Score and extracting match notes...
2025-04-01 18:51:03,092 - INFO - Dropping 'Ref.' column...
2025-04-01 18:51:03,096 - INFO - 
Finals DF:
    Year    Winners                    Score      Runners-up                        Venue                    Location  Attendance CleanedScore                     Notes
0   1930    Uruguay                      4–2       Argentina           Estadio Centenario         Montevideo, Uruguay     68346.0          4–2                      None
1   1934      Italy             2–1 (a.e.t.)  Czechoslovakia         Stadio Nazionale PNF                 Rome, Italy     55000.0          2–1              [extra time]
2   1938      Italy                      4–2         Hungary  Stade Olympique de Colombes               Paris, France     45000.0          4–2                      None
3   1950    Uruguay                 2–1[n 3]          Brazil             Maracanã Stadium      Rio de Janeiro, Brazil    173850.0          2–1                      None
4   1954    Germany                      3–2         Hungary             Wankdorf Stadium           Bern, Switzerland     62500.0          3–2                      None
5   1958     Brazil                      5–2          Sweden              Råsunda Stadium               Solna, Sweden     49737.0          5–2                      None
6   1962     Brazil                      3–1  Czechoslovakia             Estadio Nacional             Santiago, Chile     68679.0          3–1                      None
7   1966    England             4–2 (a.e.t.)         Germany              Wembley Stadium             London, England     96924.0          4–2              [extra time]
8   1970     Brazil                      4–1           Italy               Estadio Azteca         Mexico City, Mexico    107412.0          4–1                      None
9   1974    Germany                      2–1     Netherlands               Olympiastadion        Munich, West Germany     78200.0          2–1                      None
10  1978  Argentina             3–1 (a.e.t.)     Netherlands           Estadio Monumental     Buenos Aires, Argentina     71483.0          3–1              [extra time]
11  1982      Italy                      3–1         Germany            Santiago Bernabéu               Madrid, Spain     90000.0          3–1                      None
12  1986  Argentina                      3–2         Germany               Estadio Azteca         Mexico City, Mexico    114600.0          3–2                      None
13  1990    Germany                      1–0       Argentina              Stadio Olimpico                 Rome, Italy     73603.0          1–0                      None
14  1994     Brazil  0–0 (a.e.t.) (3–2 pen.)           Italy                    Rose Bowl     Pasadena, United States     94194.0          0–0  [extra time, (3–2 pen.)]
15  1998     France                      3–0          Brazil              Stade de France         Saint-Denis, France     80000.0          3–0                      None
16  2002     Brazil                      2–0         Germany        International Stadium             Yokohama, Japan     69029.0          2–0                      None
17  2006      Italy  1–1 (a.e.t.) (5–3 pen.)          France               Olympiastadion             Berlin, Germany     69000.0          1–1  [extra time, (5–3 pen.)]
18  2010      Spain             1–0 (a.e.t.)     Netherlands                  Soccer City  Johannesburg, South Africa     84490.0          1–0              [extra time]
19  2014    Germany             1–0 (a.e.t.)       Argentina             Maracanã Stadium      Rio de Janeiro, Brazil     74738.0          1–0              [extra time]
20  2018     France                      4–2         Croatia             Luzhniki Stadium              Moscow, Russia     78011.0          4–2                      None
21  2022  Argentina  3–3 (a.e.t.) (4–2 pen.)          France               Lusail Stadium               Lusail, Qatar     88966.0          3–3  [extra time, (4–2 pen.)]
2025-04-01 18:51:03,098 - INFO - 
Nation DF:
           Country  Wins  RunnerUps  TotalFinals                        YearsWon             YearsRunnerUp ISO_Code
0           Brazil     5          2            7  [1958, 1962, 1970, 1994, 2002]              [1950, 1998]      BRA
1          Germany     4          4            8        [1954, 1974, 1990, 2014]  [1966, 1982, 1986, 2002]      DEU
2            Italy     4          2            6        [1934, 1938, 1982, 2006]              [1970, 1994]      ITA
3        Argentina     3          3            6              [1978, 1986, 2022]        [1930, 1990, 2014]      ARG
4           France     2          2            4                    [1998, 2018]              [2006, 2022]      FRA
5          Uruguay     2          0            2                    [1930, 1950]                        []      URY
6   United Kingdom     1          0            1                          [1966]                        []      GBR
7            Spain     1          0            1                          [2010]                        []      ESP
8      Netherlands     0          3            3                              []        [1974, 1978, 2010]      NLD
9          Hungary     0          2            2                              []              [1938, 1954]      HUN
10  Czech Republic     0          2            2                              []              [1934, 1962]      CZE
11          Sweden     0          1            1                              []                    [1958]      SWE
12         Croatia     0          1            1                              []                    [2018]      HRV
2025-04-01 18:51:03,100 - INFO - Dataframes written to csv
